<?xml version='1.0' encoding='UTF-8'?>
<!--
 ~ Certain versions of software accessible here may contain branding from Hewlett-Packard Company (now HP Inc.) and Hewlett Packard Enterprise Company.
 ~ This software was acquired by Micro Focus on September 1, 2017, and is now offered by OpenText.
 ~ Any reference to the HP and Hewlett Packard Enterprise/HPE marks is historical in nature, and the HP and Hewlett Packard Enterprise/HPE marks are the property of their respective owners.
 ~ __________________________________________________________________
 ~ MIT License
 ~
 ~ Copyright 2012-2023 Open Text
 ~
 ~ The only warranties for products and services of Open Text and
 ~ its affiliates and licensors ("Open Text") are as may be set forth
 ~ in the express warranty statements accompanying such products and services.
 ~ Nothing herein should be construed as constituting an additional warranty.
 ~ Open Text shall not be liable for technical or editorial errors or
 ~ omissions contained herein. The information contained herein is subject
 ~ to change without notice.
 ~
 ~ Except as specifically indicated otherwise, this document contains
 ~ confidential information and a valid license is required for possession,
 ~ use or copying. If this work is provided to the U.S. Government,
 ~ consistent with FAR 12.211 and 12.212, Commercial Computer Software,
 ~ Computer Software Documentation, and Technical Data for Commercial Items are
 ~ licensed to the U.S. Government under vendor's standard commercial license.
 ~
 ~ Unless required by applicable law or agreed to in writing, software
 ~ distributed under the License is distributed on an "AS IS" BASIS,
 ~ WITHOUT WARRANTIES OR CONDITIONS OF ANY KIND, either express or implied.
 ~ See the License for the specific language governing permissions and
 ~ limitations under the License.
 ~ ___________________________________________________________________
  -->

<result plugin="junit@1.2-beta-4">
  <suites>
    <suite>
      <file>C:\QC\Jenkins\workspace\test1\prog1prj1\output\TEST-prog1prj1.TestProg1Prj1Test1.xml</file>
      <name>prog1prj1.TestProg1Prj1Test1</name>
      <stdout></stdout>
      <stderr></stderr>
      <duration>0.064</duration>
      <timestamp>2015-05-12T12:23:27</timestamp>
      <cases>
        <case>
          <duration>0.002</duration>
          <className>prog1prj1.TestProg1Prj1Test1</className>
          <testName>testMethod1</testName>
          <skipped>false</skipped>
          <failedSince>0</failedSince>
        </case>
        <case>
          <duration>0.001</duration>
          <className>prog1prj1.TestProg1Prj1Test1</className>
          <testName>testMethod2</testName>
          <skipped>false</skipped>
          <failedSince>0</failedSince>
        </case>
        <case>
          <duration>0.061</duration>
          <className>prog1prj1.TestProg1Prj1Test1</className>
          <testName>testMethod3</testName>
          <skipped>false</skipped>
          <errorStackTrace>junit.framework.AssertionFailedError: Not yet implemented
	at prog1prj1.TestProg1Prj1Test1.testMethod3(Unknown Source)
</errorStackTrace>
          <errorDetails>Not yet implemented</errorDetails>
          <failedSince>0</failedSince>
        </case>
      </cases>
    </suite>
  </suites>
  <duration>0.064</duration>
  <keepLongStdio>false</keepLongStdio>
</result>