<?xml version="1.0" encoding="UTF-8"?>
<!--
 ~ Certain versions of software accessible here may contain branding from Hewlett-Packard Company (now HP Inc.) and Hewlett Packard Enterprise Company.
 ~ This software was acquired by Micro Focus on September 1, 2017, and is now offered by OpenText.
 ~ Any reference to the HP and Hewlett Packard Enterprise/HPE marks is historical in nature, and the HP and Hewlett Packard Enterprise/HPE marks are the property of their respective owners.
 ~ __________________________________________________________________
 ~ MIT License
 ~
 ~ Copyright 2012-2023 Open Text
 ~
 ~ The only warranties for products and services of Open Text and
 ~ its affiliates and licensors ("Open Text") are as may be set forth
 ~ in the express warranty statements accompanying such products and services.
 ~ Nothing herein should be construed as constituting an additional warranty.
 ~ Open Text shall not be liable for technical or editorial errors or
 ~ omissions contained herein. The information contained herein is subject
 ~ to change without notice.
 ~
 ~ Except as specifically indicated otherwise, this document contains
 ~ confidential information and a valid license is required for possession,
 ~ use or copying. If this work is provided to the U.S. Government,
 ~ consistent with FAR 12.211 and 12.212, Commercial Computer Software,
 ~ Computer Software Documentation, and Technical Data for Commercial Items are
 ~ licensed to the U.S. Government under vendor's standard commercial license.
 ~
 ~ Unless required by applicable law or agreed to in writing, software
 ~ distributed under the License is distributed on an "AS IS" BASIS,
 ~ WITHOUT WARRANTIES OR CONDITIONS OF ANY KIND, either express or implied.
 ~ See the License for the specific language governing permissions and
 ~ limitations under the License.
 ~ ___________________________________________________________________
  -->

<testng-results skipped="0" failed="0" total="2" passed="2">
  <reporter-output>
  </reporter-output>
  <suite name="Suite1" duration-ms="41" started-at="2015-04-12T12:20:18Z" finished-at="2015-04-12T12:20:18Z">
    <groups>
    </groups>
    <test name="test1" duration-ms="41" started-at="2015-04-12T12:20:18Z" finished-at="2015-04-12T12:20:18Z">
      <class name="TestMessageUtil">
        <test-method status="PASS" signature="testPrintMessage()[pri:0, instance:TestMessageUtil@2a3046da]" name="testPrintMessage" duration-ms="32" started-at="2015-04-12T20:20:18Z" finished-at="2015-04-12T20:20:18Z">
          <reporter-output>
          </reporter-output>
        </test-method> <!-- testPrintMessage -->
        <test-method status="PASS" signature="testSalutationMessage()[pri:0, instance:TestMessageUtil@2a3046da]" name="testSalutationMessage" duration-ms="0" started-at="2015-04-12T20:20:18Z" finished-at="2015-04-12T20:20:18Z">
          <reporter-output>
          </reporter-output>
        </test-method> <!-- testSalutationMessage -->
      </class> <!-- TestMessageUtil -->
    </test> <!-- test1 -->
  </suite> <!-- Suite1 -->
</testng-results>
