<?xml version="1.0" encoding="UTF-8"?>
<testsuite name="com.hp.devops.demoapp.tests.ui.TestB" time="0.402" tests="2" errors="2" skipped="0" failures="0">
  <properties>
[...]
</properties>
  <testcase name="testUIcaseC" classname="com.hp.devops.demoapp.tests.ui.TestB" time="0.201">
    <error message="Unable to locate element by id for com.gargoylesoftware.htmlunit.UnexpectedPage@18317edc&#10;For documentation on this error, please visit: http://seleniumhq.org/exceptions/no_such_element.html&#10;Build info: version: &apos;2.43.1&apos;, revision: &apos;5163bceef1bc36d43f3dc0b83c88998168a363a0&apos;, time: &apos;2014-09-10 09:43:55&apos;&#10;System info: host: &apos;4a22174e31df&apos;, ip: &apos;172.17.0.134&apos;, os.name: &apos;Linux&apos;, os.arch: &apos;amd64&apos;, os.version: &apos;2.6.32-431.el6.x86_64&apos;, java.version: &apos;1.8.0_45-internal&apos;&#10;Driver info: driver.version: HtmlUnitDriver" type="org.openqa.selenium.NoSuchElementException">org.openqa.selenium.NoSuchElementException: Unable to locate element by id for com.gargoylesoftware.htmlunit.UnexpectedPage@18317edc
For documentation on this error, please visit: http://seleniumhq.org/exceptions/no_such_element.html
Build info: version: '2.43.1', revision: '5163bceef1bc36d43f3dc0b83c88998168a363a0', time: '2014-09-10 09:43:55'
System info: host: '4a22174e31df', ip: '172.17.0.134', os.name: 'Linux', os.arch: 'amd64', os.version: '2.6.32-431.el6.x86_64', java.version: '1.8.0_45-internal'
Driver info: driver.version: HtmlUnitDriver
	at org.openqa.selenium.htmlunit.HtmlUnitDriver.findElementById(HtmlUnitDriver.java:915)
	at org.openqa.selenium.By$ById.findElement(By.java:214)
	at org.openqa.selenium.htmlunit.HtmlUnitDriver$5.call(HtmlUnitDriver.java:1575)
	at org.openqa.selenium.htmlunit.HtmlUnitDriver$5.call(HtmlUnitDriver.java:1572)
	at org.openqa.selenium.htmlunit.HtmlUnitDriver.implicitlyWaitFor(HtmlUnitDriver.java:1251)
	at org.openqa.selenium.htmlunit.HtmlUnitDriver.findElement(HtmlUnitDriver.java:1572)
	at org.openqa.selenium.htmlunit.HtmlUnitDriver.findElement(HtmlUnitDriver.java:532)
	at com.hp.devops.demoapp.tests.ui.TestB.testUIcaseC(TestB.java:91)
</error>
    <system-out><![CDATA[We do not use proxy
App URL is http://myd-vm02771.hpswlabs.adapps.hp.com:8080/jenkins; can be modifed via system property, i.e., '-DappUrl="http://54.146.140.70:9000"'
Proudly running test com.hp.devops.demoapp.tests.ui.TestB.testUIcaseC(TestB.java:85)
]]></system-out>
  </testcase>
  <testcase name="testUIcaseD" classname="com.hp.devops.demoapp.tests.ui.TestB" time="0.201">
    <error message="Unable to locate element by id for com.gargoylesoftware.htmlunit.UnexpectedPage@18317edc&#10;For documentation on this error, please visit: http://seleniumhq.org/exceptions/no_such_element.html&#10;Build info: version: &apos;2.43.1&apos;, revision: &apos;5163bceef1bc36d43f3dc0b83c88998168a363a0&apos;, time: &apos;2014-09-10 09:43:55&apos;&#10;System info: host: &apos;4a22174e31df&apos;, ip: &apos;172.17.0.134&apos;, os.name: &apos;Linux&apos;, os.arch: &apos;amd64&apos;, os.version: &apos;2.6.32-431.el6.x86_64&apos;, java.version: &apos;1.8.0_45-internal&apos;&#10;Driver info: driver.version: HtmlUnitDriver" type="org.openqa.selenium.NoSuchElementException">org.openqa.selenium.NoSuchElementException: Unable to locate element by id for com.gargoylesoftware.htmlunit.UnexpectedPage@18317edc
For documentation on this error, please visit: http://seleniumhq.org/exceptions/no_such_element.html
Build info: version: '2.43.1', revision: '5163bceef1bc36d43f3dc0b83c88998168a363a0', time: '2014-09-10 09:43:55'
System info: host: '4a22174e31df', ip: '172.17.0.134', os.name: 'Linux', os.arch: 'amd64', os.version: '2.6.32-431.el6.x86_64', java.version: '1.8.0_45-internal'
Driver info: driver.version: HtmlUnitDriver
	at org.openqa.selenium.htmlunit.HtmlUnitDriver.findElementById(HtmlUnitDriver.java:915)
	at org.openqa.selenium.By$ById.findElement(By.java:214)
	at org.openqa.selenium.htmlunit.HtmlUnitDriver$5.call(HtmlUnitDriver.java:1575)
	at org.openqa.selenium.htmlunit.HtmlUnitDriver$5.call(HtmlUnitDriver.java:1572)
	at org.openqa.selenium.htmlunit.HtmlUnitDriver.implicitlyWaitFor(HtmlUnitDriver.java:1251)
	at org.openqa.selenium.htmlunit.HtmlUnitDriver.findElement(HtmlUnitDriver.java:1572)
	at org.openqa.selenium.htmlunit.HtmlUnitDriver.findElement(HtmlUnitDriver.java:532)
	at com.hp.devops.demoapp.tests.ui.TestB.testUIcaseD(TestB.java:106)
</error>
    <system-out><![CDATA[Proudly running test com.hp.devops.demoapp.tests.ui.TestB.testUIcaseD(TestB.java:100)
]]></system-out>
  </testcase>
</testsuite>